Compiling the CXX compiler identification source file "CMakeCXXCompilerId.cpp" failed.
Compiler: /cluster_env_papi/llvm-install/bin/clang++ 
Build flags: -stdlib=libc++;-I/cluster_env_papi/llvm-install/include/c++/v1;-fopenmp
Id flags:  

The output was:
1
/usr/bin/ld: warning: libc++abi.so.1, needed by /cluster_env_papi/llvm-install/lib/libc++.so, not found (try using -rpath or -rpath-link)
/usr/bin/ld: warning: libunwind.so.1, needed by /cluster_env_papi/llvm-install/lib/libc++.so, not found (try using -rpath or -rpath-link)
/usr/bin/ld: /cluster_env_papi/llvm-install/lib/libc++.so: undefined reference to `__cxa_rethrow_primary_exception'
/usr/bin/ld: /cluster_env_papi/llvm-install/lib/libc++.so: undefined reference to `typeinfo for std::bad_cast'
/usr/bin/ld: /cluster_env_papi/llvm-install/lib/libc++.so: undefined reference to `vtable for std::overflow_error'
/usr/bin/ld: /cluster_env_papi/llvm-install/lib/libc++.so: undefined reference to `typeinfo for std::exception'
/usr/bin/ld: /cluster_env_papi/llvm-install/lib/libc++.so: undefined reference to `__cxa_free_exception'
/usr/bin/ld: /cluster_env_papi/llvm-install/lib/libc++.so: undefined reference to `vtable for std::runtime_error'
/usr/bin/ld: /cluster_env_papi/llvm-install/lib/libc++.so: undefined reference to `__cxa_begin_catch'
/usr/bin/ld: /cluster_env_papi/llvm-install/lib/libc++.so: undefined reference to `typeinfo for std::logic_error'
/usr/bin/ld: /cluster_env_papi/llvm-install/lib/libc++.so: undefined reference to `std::bad_cast::bad_cast()'
/usr/bin/ld: /cluster_env_papi/llvm-install/lib/libc++.so: undefined reference to `std::bad_cast::~bad_cast()'
/usr/bin/ld: /cluster_env_papi/llvm-install/lib/libc++.so: undefined reference to `std::logic_error::what() const'
/usr/bin/ld: /cluster_env_papi/llvm-install/lib/libc++.so: undefined reference to `operator delete[](void*)'
/usr/bin/ld: /cluster_env_papi/llvm-install/lib/libc++.so: undefined reference to `operator new(unsigned long)'
/usr/bin/ld: /cluster_env_papi/llvm-install/lib/libc++.so: undefined reference to `std::overflow_error::~overflow_error()'
/usr/bin/ld: /cluster_env_papi/llvm-install/lib/libc++.so: undefined reference to `std::invalid_argument::~invalid_argument()'
/usr/bin/ld: /cluster_env_papi/llvm-install/lib/libc++.so: undefined reference to `typeinfo for std::out_of_range'
/usr/bin/ld: /cluster_env_papi/llvm-install/lib/libc++.so: undefined reference to `typeinfo for std::bad_alloc'
/usr/bin/ld: /cluster_env_papi/llvm-install/lib/libc++.so: undefined reference to `__cxa_current_primary_exception'
/usr/bin/ld: /cluster_env_papi/llvm-install/lib/libc++.so: undefined reference to `std::runtime_error::~runtime_error()'
/usr/bin/ld: /cluster_env_papi/llvm-install/lib/libc++.so: undefined reference to `vtable for std::out_of_range'
/usr/bin/ld: /cluster_env_papi/llvm-install/lib/libc++.so: undefined reference to `__cxa_guard_release'
/usr/bin/ld: /cluster_env_papi/llvm-install/lib/libc++.so: undefined reference to `operator delete(void*)'
/usr/bin/ld: /cluster_env_papi/llvm-install/lib/libc++.so: undefined reference to `std::runtime_error::what() const'
/usr/bin/ld: /cluster_env_papi/llvm-install/lib/libc++.so: undefined reference to `operator delete(void*, unsigned long, std::align_val_t)'
/usr/bin/ld: /cluster_env_papi/llvm-install/lib/libc++.so: undefined reference to `operator new[](unsigned long)'
/usr/bin/ld: /cluster_env_papi/llvm-install/lib/libc++.so: undefined reference to `__cxa_pure_virtual'
/usr/bin/ld: /cluster_env_papi/llvm-install/lib/libc++.so: undefined reference to `vtable for std::invalid_argument'
/usr/bin/ld: /cluster_env_papi/llvm-install/lib/libc++.so: undefined reference to `typeinfo for std::length_error'
/usr/bin/ld: /cluster_env_papi/llvm-install/lib/libc++.so: undefined reference to `__cxa_allocate_exception'
/usr/bin/ld: /cluster_env_papi/llvm-install/lib/libc++.so: undefined reference to `__cxa_increment_exception_refcount'
/usr/bin/ld: /cluster_env_papi/llvm-install/lib/libc++.so: undefined reference to `__gxx_personality_v0'
/usr/bin/ld: /cluster_env_papi/llvm-install/lib/libc++.so: undefined reference to `vtable for std::logic_error'
/usr/bin/ld: /cluster_env_papi/llvm-install/lib/libc++.so: undefined reference to `std::bad_array_new_length::~bad_array_new_length()'
/usr/bin/ld: /cluster_env_papi/llvm-install/lib/libc++.so: undefined reference to `__cxa_uncaught_exceptions'
/usr/bin/ld: /cluster_env_papi/llvm-install/lib/libc++.so: undefined reference to `std::out_of_range::~out_of_range()'
/usr/bin/ld: /cluster_env_papi/llvm-install/lib/libc++.so: undefined reference to `__cxa_throw'
/usr/bin/ld: /cluster_env_papi/llvm-install/lib/libc++.so: undefined reference to `__cxa_guard_abort'
/usr/bin/ld: /cluster_env_papi/llvm-install/lib/libc++.so: undefined reference to `std::bad_cast::~bad_cast()'
/usr/bin/ld: /cluster_env_papi/llvm-install/lib/libc++.so: undefined reference to `std::bad_alloc::bad_alloc()'
/usr/bin/ld: /cluster_env_papi/llvm-install/lib/libc++.so: undefined reference to `vtable for std::length_error'
/usr/bin/ld: /cluster_env_papi/llvm-install/lib/libc++.so: undefined reference to `__cxa_end_catch'
/usr/bin/ld: /cluster_env_papi/llvm-install/lib/libc++.so: undefined reference to `__cxa_guard_acquire'
/usr/bin/ld: /cluster_env_papi/llvm-install/lib/libc++.so: undefined reference to `vtable for __cxxabiv1::__vmi_class_type_info'
/usr/bin/ld: /cluster_env_papi/llvm-install/lib/libc++.so: undefined reference to `operator new(unsigned long, std::align_val_t)'
/usr/bin/ld: /cluster_env_papi/llvm-install/lib/libc++.so: undefined reference to `vtable for __cxxabiv1::__class_type_info'
/usr/bin/ld: /cluster_env_papi/llvm-install/lib/libc++.so: undefined reference to `__cxa_init_primary_exception'
/usr/bin/ld: /cluster_env_papi/llvm-install/lib/libc++.so: undefined reference to `std::length_error::~length_error()'
/usr/bin/ld: /cluster_env_papi/llvm-install/lib/libc++.so: undefined reference to `typeinfo for std::runtime_error'
/usr/bin/ld: /cluster_env_papi/llvm-install/lib/libc++.so: undefined reference to `__dynamic_cast'
/usr/bin/ld: /cluster_env_papi/llvm-install/lib/libc++.so: undefined reference to `operator new[](unsigned long, std::align_val_t)'
/usr/bin/ld: /cluster_env_papi/llvm-install/lib/libc++.so: undefined reference to `operator delete[](void*, std::align_val_t)'
/usr/bin/ld: /cluster_env_papi/llvm-install/lib/libc++.so: undefined reference to `std::exception::~exception()'
/usr/bin/ld: /cluster_env_papi/llvm-install/lib/libc++.so: undefined reference to `std::bad_array_new_length::bad_array_new_length()'
/usr/bin/ld: /cluster_env_papi/llvm-install/lib/libc++.so: undefined reference to `typeinfo for std::overflow_error'
/usr/bin/ld: /cluster_env_papi/llvm-install/lib/libc++.so: undefined reference to `std::runtime_error::~runtime_error()'
/usr/bin/ld: /cluster_env_papi/llvm-install/lib/libc++.so: undefined reference to `__cxa_decrement_exception_refcount'
/usr/bin/ld: /cluster_env_papi/llvm-install/lib/libc++.so: undefined reference to `__cxa_rethrow'
/usr/bin/ld: /cluster_env_papi/llvm-install/lib/libc++.so: undefined reference to `std::bad_alloc::~bad_alloc()'
/usr/bin/ld: /cluster_env_papi/llvm-install/lib/libc++.so: undefined reference to `std::logic_error::~logic_error()'
/usr/bin/ld: /cluster_env_papi/llvm-install/lib/libc++.so: undefined reference to `typeinfo for std::bad_array_new_length'
/usr/bin/ld: /cluster_env_papi/llvm-install/lib/libc++.so: undefined reference to `typeinfo for std::invalid_argument'
/usr/bin/ld: /cluster_env_papi/llvm-install/lib/libc++.so: undefined reference to `operator delete(void*, unsigned long)'
/usr/bin/ld: /cluster_env_papi/llvm-install/lib/libc++.so: undefined reference to `vtable for __cxxabiv1::__si_class_type_info'
/usr/bin/ld: /cluster_env_papi/llvm-install/lib/libc++.so: undefined reference to `std::terminate()'
clang++: error: linker command failed with exit code 1 (use -v to see invocation)


