The system is: Linux - 6.11.0-29-generic - x86_64
Compiling the C compiler identification source file "CMakeCCompilerId.c" succeeded.
Compiler: /cluster_env_papi/llvm-install/bin/clang 
Build flags: 
Id flags:  

The output was:
0


Compilation of the C compiler identification source "CMakeCCompilerId.c" produced "a.out"

The C compiler identification is Clang, found in "/home/ancloare/container/env_v1/O2_small_32_8_64_s/build/CMakeFiles/3.22.1/CompilerIdC/a.out"

Compiling the CXX compiler identification source file "CMakeCXXCompilerId.cpp" succeeded.
Compiler: /cluster_env_papi/llvm-install/bin/clang++ 
Build flags: -stdlib=libc++;-I/cluster_env_papi/llvm-install/include/c++/v1;-fopenmp
Id flags: -c 

The output was:
0


Compilation of the CXX compiler identification source "CMakeCXXCompilerId.cpp" produced "CMakeCXXCompilerId.o"

The CXX compiler identification is Clang, found in "/home/ancloare/container/env_v1/O2_small_32_8_64_s/build/CMakeFiles/3.22.1/CompilerIdCXX/CMakeCXXCompilerId.o"

Detecting C compiler ABI info compiled with the following output:
Change Dir: /home/ancloare/container/env_v1/O2_small_32_8_64_s/build/CMakeFiles/CMakeTmp

Run Build Command(s):/usr/bin/gmake -f Makefile cmTC_34cad/fast && /usr/bin/gmake  -f CMakeFiles/cmTC_34cad.dir/build.make CMakeFiles/cmTC_34cad.dir/build
gmake[1]: Entering directory '/home/ancloare/container/env_v1/O2_small_32_8_64_s/build/CMakeFiles/CMakeTmp'
Building C object CMakeFiles/cmTC_34cad.dir/CMakeCCompilerABI.c.o
/cluster_env_papi/llvm-install/bin/clang   -v -MD -MT CMakeFiles/cmTC_34cad.dir/CMakeCCompilerABI.c.o -MF CMakeFiles/cmTC_34cad.dir/CMakeCCompilerABI.c.o.d -o CMakeFiles/cmTC_34cad.dir/CMakeCCompilerABI.c.o -c /usr/share/cmake-3.22/Modules/CMakeCCompilerABI.c
clang version 21.0.0git (https://gitlab.bsc.es/ppc/software/llvm-project.git 5492260d1b01e63ea93bf2d56632dcf43fb54f52)
Target: x86_64-unknown-linux-gnu
Thread model: posix
InstalledDir: /cluster_env_papi/llvm-install/bin
Found candidate GCC installation: /usr/lib/gcc/x86_64-linux-gnu/11
Selected GCC installation: /usr/lib/gcc/x86_64-linux-gnu/11
Candidate multilib: .;@m64
Selected multilib: .;@m64
 (in-process)
 "/cluster_env_papi/llvm-install/bin/clang-21" -cc1 -triple x86_64-unknown-linux-gnu -emit-obj -disable-free -clear-ast-before-backend -disable-llvm-verifier -discard-value-names -main-file-name CMakeCCompilerABI.c -mrelocation-model pic -pic-level 2 -pic-is-pie -mframe-pointer=all -fmath-errno -ffp-contract=on -fno-rounding-math -mconstructor-aliases -funwind-tables=2 -target-cpu x86-64 -tune-cpu generic -debugger-tuning=gdb -fdebug-compilation-dir=/home/ancloare/container/env_v1/O2_small_32_8_64_s/build/CMakeFiles/CMakeTmp -v -fcoverage-compilation-dir=/home/ancloare/container/env_v1/O2_small_32_8_64_s/build/CMakeFiles/CMakeTmp -resource-dir /cluster_env_papi/llvm-install/lib/clang/21 -dependency-file CMakeFiles/cmTC_34cad.dir/CMakeCCompilerABI.c.o.d -MT CMakeFiles/cmTC_34cad.dir/CMakeCCompilerABI.c.o -sys-header-deps -internal-isystem /cluster_env_papi/llvm-install/lib/clang/21/include -internal-isystem /usr/local/include -internal-isystem /usr/lib/gcc/x86_64-linux-gnu/11/../../../../x86_64-linux-gnu/include -internal-externc-isystem /usr/include/x86_64-linux-gnu -internal-externc-isystem /include -internal-externc-isystem /usr/include -ferror-limit 19 -fgnuc-version=4.2.1 -fskip-odr-check-in-gmf -faddrsig -D__GCC_HAVE_DWARF2_CFI_ASM=1 -o CMakeFiles/cmTC_34cad.dir/CMakeCCompilerABI.c.o -x c /usr/share/cmake-3.22/Modules/CMakeCCompilerABI.c
clang -cc1 version 21.0.0git based upon LLVM 21.0.0git default target x86_64-unknown-linux-gnu
ignoring nonexistent directory "/usr/lib/gcc/x86_64-linux-gnu/11/../../../../x86_64-linux-gnu/include"
ignoring nonexistent directory "/include"
#include "..." search starts here:
#include <...> search starts here:
 /cluster_env_papi/llvm-install/lib/clang/21/include
 /usr/local/include
 /usr/include/x86_64-linux-gnu
 /usr/include
End of search list.
Linking C executable cmTC_34cad
/usr/bin/cmake -E cmake_link_script CMakeFiles/cmTC_34cad.dir/link.txt --verbose=1
/cluster_env_papi/llvm-install/bin/clang -stdlib=libc++ -L/cluster_env_papi/llvm-install/lib -Wl,-rpath=/cluster_env_papi/llvm-install/lib -fopenmp -v CMakeFiles/cmTC_34cad.dir/CMakeCCompilerABI.c.o -o cmTC_34cad 
clang version 21.0.0git (https://gitlab.bsc.es/ppc/software/llvm-project.git 5492260d1b01e63ea93bf2d56632dcf43fb54f52)
Target: x86_64-unknown-linux-gnu
Thread model: posix
InstalledDir: /cluster_env_papi/llvm-install/bin
Found candidate GCC installation: /usr/lib/gcc/x86_64-linux-gnu/11
Selected GCC installation: /usr/lib/gcc/x86_64-linux-gnu/11
Candidate multilib: .;@m64
Selected multilib: .;@m64
 "/usr/bin/ld" -z relro --hash-style=gnu --eh-frame-hdr -m elf_x86_64 -pie -dynamic-linker /lib64/ld-linux-x86-64.so.2 -o cmTC_34cad /lib/x86_64-linux-gnu/Scrt1.o /lib/x86_64-linux-gnu/crti.o /usr/lib/gcc/x86_64-linux-gnu/11/crtbeginS.o -L/cluster_env_papi/llvm-install/lib -L/cluster_env_papi/llvm-install/bin/../lib/x86_64-unknown-linux-gnu -L/usr/lib/gcc/x86_64-linux-gnu/11 -L/usr/lib/gcc/x86_64-linux-gnu/11/../../../../lib64 -L/lib/x86_64-linux-gnu -L/lib/../lib64 -L/usr/lib/x86_64-linux-gnu -L/usr/lib64 -L/lib -L/usr/lib -L/cluster_env_papi/llvm-install/lib/x86_64-unknown-linux-gnu -L. -rpath=/cluster_env_papi/llvm-install/lib CMakeFiles/cmTC_34cad.dir/CMakeCCompilerABI.c.o -lomp -L/cluster_env_papi/llvm-install/lib -lgcc --as-needed -lgcc_s --no-as-needed -lpthread -lc -lgcc --as-needed -lgcc_s --no-as-needed /usr/lib/gcc/x86_64-linux-gnu/11/crtendS.o /lib/x86_64-linux-gnu/crtn.o
gmake[1]: Leaving directory '/home/ancloare/container/env_v1/O2_small_32_8_64_s/build/CMakeFiles/CMakeTmp'



Parsed C implicit include dir info from above output: rv=done
  found start of include info
  found start of implicit include info
    add: [/cluster_env_papi/llvm-install/lib/clang/21/include]
    add: [/usr/local/include]
    add: [/usr/include/x86_64-linux-gnu]
    add: [/usr/include]
  end of search list found
  collapse include dir [/cluster_env_papi/llvm-install/lib/clang/21/include] ==> [/cluster_env_papi/llvm-install/lib/clang/21/include]
  collapse include dir [/usr/local/include] ==> [/usr/local/include]
  collapse include dir [/usr/include/x86_64-linux-gnu] ==> [/usr/include/x86_64-linux-gnu]
  collapse include dir [/usr/include] ==> [/usr/include]
  implicit include dirs: [/cluster_env_papi/llvm-install/lib/clang/21/include;/usr/local/include;/usr/include/x86_64-linux-gnu;/usr/include]


Parsed C implicit link information from above output:
  link line regex: [^( *|.*[/\])(ld|CMAKE_LINK_STARTFILE-NOTFOUND|([^/\]+-)?ld|collect2)[^/\]*( |$)]
  ignore line: [Change Dir: /home/ancloare/container/env_v1/O2_small_32_8_64_s/build/CMakeFiles/CMakeTmp]
  ignore line: []
  ignore line: [Run Build Command(s):/usr/bin/gmake -f Makefile cmTC_34cad/fast && /usr/bin/gmake  -f CMakeFiles/cmTC_34cad.dir/build.make CMakeFiles/cmTC_34cad.dir/build]
  ignore line: [gmake[1]: Entering directory '/home/ancloare/container/env_v1/O2_small_32_8_64_s/build/CMakeFiles/CMakeTmp']
  ignore line: [Building C object CMakeFiles/cmTC_34cad.dir/CMakeCCompilerABI.c.o]
  ignore line: [/cluster_env_papi/llvm-install/bin/clang   -v -MD -MT CMakeFiles/cmTC_34cad.dir/CMakeCCompilerABI.c.o -MF CMakeFiles/cmTC_34cad.dir/CMakeCCompilerABI.c.o.d -o CMakeFiles/cmTC_34cad.dir/CMakeCCompilerABI.c.o -c /usr/share/cmake-3.22/Modules/CMakeCCompilerABI.c]
  ignore line: [clang version 21.0.0git (https://gitlab.bsc.es/ppc/software/llvm-project.git 5492260d1b01e63ea93bf2d56632dcf43fb54f52)]
  ignore line: [Target: x86_64-unknown-linux-gnu]
  ignore line: [Thread model: posix]
  ignore line: [InstalledDir: /cluster_env_papi/llvm-install/bin]
  ignore line: [Found candidate GCC installation: /usr/lib/gcc/x86_64-linux-gnu/11]
  ignore line: [Selected GCC installation: /usr/lib/gcc/x86_64-linux-gnu/11]
  ignore line: [Candidate multilib: .]
  ignore line: [@m64]
  ignore line: [Selected multilib: .]
  ignore line: [@m64]
  ignore line: [ (in-process)]
  ignore line: [ "/cluster_env_papi/llvm-install/bin/clang-21" -cc1 -triple x86_64-unknown-linux-gnu -emit-obj -disable-free -clear-ast-before-backend -disable-llvm-verifier -discard-value-names -main-file-name CMakeCCompilerABI.c -mrelocation-model pic -pic-level 2 -pic-is-pie -mframe-pointer=all -fmath-errno -ffp-contract=on -fno-rounding-math -mconstructor-aliases -funwind-tables=2 -target-cpu x86-64 -tune-cpu generic -debugger-tuning=gdb -fdebug-compilation-dir=/home/ancloare/container/env_v1/O2_small_32_8_64_s/build/CMakeFiles/CMakeTmp -v -fcoverage-compilation-dir=/home/ancloare/container/env_v1/O2_small_32_8_64_s/build/CMakeFiles/CMakeTmp -resource-dir /cluster_env_papi/llvm-install/lib/clang/21 -dependency-file CMakeFiles/cmTC_34cad.dir/CMakeCCompilerABI.c.o.d -MT CMakeFiles/cmTC_34cad.dir/CMakeCCompilerABI.c.o -sys-header-deps -internal-isystem /cluster_env_papi/llvm-install/lib/clang/21/include -internal-isystem /usr/local/include -internal-isystem /usr/lib/gcc/x86_64-linux-gnu/11/../../../../x86_64-linux-gnu/include -internal-externc-isystem /usr/include/x86_64-linux-gnu -internal-externc-isystem /include -internal-externc-isystem /usr/include -ferror-limit 19 -fgnuc-version=4.2.1 -fskip-odr-check-in-gmf -faddrsig -D__GCC_HAVE_DWARF2_CFI_ASM=1 -o CMakeFiles/cmTC_34cad.dir/CMakeCCompilerABI.c.o -x c /usr/share/cmake-3.22/Modules/CMakeCCompilerABI.c]
  ignore line: [clang -cc1 version 21.0.0git based upon LLVM 21.0.0git default target x86_64-unknown-linux-gnu]
  ignore line: [ignoring nonexistent directory "/usr/lib/gcc/x86_64-linux-gnu/11/../../../../x86_64-linux-gnu/include"]
  ignore line: [ignoring nonexistent directory "/include"]
  ignore line: [#include "..." search starts here:]
  ignore line: [#include <...> search starts here:]
  ignore line: [ /cluster_env_papi/llvm-install/lib/clang/21/include]
  ignore line: [ /usr/local/include]
  ignore line: [ /usr/include/x86_64-linux-gnu]
  ignore line: [ /usr/include]
  ignore line: [End of search list.]
  ignore line: [Linking C executable cmTC_34cad]
  ignore line: [/usr/bin/cmake -E cmake_link_script CMakeFiles/cmTC_34cad.dir/link.txt --verbose=1]
  ignore line: [/cluster_env_papi/llvm-install/bin/clang -stdlib=libc++ -L/cluster_env_papi/llvm-install/lib -Wl -rpath=/cluster_env_papi/llvm-install/lib -fopenmp -v CMakeFiles/cmTC_34cad.dir/CMakeCCompilerABI.c.o -o cmTC_34cad ]
  ignore line: [clang version 21.0.0git (https://gitlab.bsc.es/ppc/software/llvm-project.git 5492260d1b01e63ea93bf2d56632dcf43fb54f52)]
  ignore line: [Target: x86_64-unknown-linux-gnu]
  ignore line: [Thread model: posix]
  ignore line: [InstalledDir: /cluster_env_papi/llvm-install/bin]
  ignore line: [Found candidate GCC installation: /usr/lib/gcc/x86_64-linux-gnu/11]
  ignore line: [Selected GCC installation: /usr/lib/gcc/x86_64-linux-gnu/11]
  ignore line: [Candidate multilib: .]
  ignore line: [@m64]
  ignore line: [Selected multilib: .]
  ignore line: [@m64]
  link line: [ "/usr/bin/ld" -z relro --hash-style=gnu --eh-frame-hdr -m elf_x86_64 -pie -dynamic-linker /lib64/ld-linux-x86-64.so.2 -o cmTC_34cad /lib/x86_64-linux-gnu/Scrt1.o /lib/x86_64-linux-gnu/crti.o /usr/lib/gcc/x86_64-linux-gnu/11/crtbeginS.o -L/cluster_env_papi/llvm-install/lib -L/cluster_env_papi/llvm-install/bin/../lib/x86_64-unknown-linux-gnu -L/usr/lib/gcc/x86_64-linux-gnu/11 -L/usr/lib/gcc/x86_64-linux-gnu/11/../../../../lib64 -L/lib/x86_64-linux-gnu -L/lib/../lib64 -L/usr/lib/x86_64-linux-gnu -L/usr/lib64 -L/lib -L/usr/lib -L/cluster_env_papi/llvm-install/lib/x86_64-unknown-linux-gnu -L. -rpath=/cluster_env_papi/llvm-install/lib CMakeFiles/cmTC_34cad.dir/CMakeCCompilerABI.c.o -lomp -L/cluster_env_papi/llvm-install/lib -lgcc --as-needed -lgcc_s --no-as-needed -lpthread -lc -lgcc --as-needed -lgcc_s --no-as-needed /usr/lib/gcc/x86_64-linux-gnu/11/crtendS.o /lib/x86_64-linux-gnu/crtn.o]
    arg [/usr/bin/ld] ==> ignore
    arg [-zrelro] ==> ignore
    arg [--hash-style=gnu] ==> ignore
    arg [--eh-frame-hdr] ==> ignore
    arg [-m] ==> ignore
    arg [elf_x86_64] ==> ignore
    arg [-pie] ==> ignore
    arg [-dynamic-linker] ==> ignore
    arg [/lib64/ld-linux-x86-64.so.2] ==> ignore
    arg [-o] ==> ignore
    arg [cmTC_34cad] ==> ignore
    arg [/lib/x86_64-linux-gnu/Scrt1.o] ==> obj [/lib/x86_64-linux-gnu/Scrt1.o]
    arg [/lib/x86_64-linux-gnu/crti.o] ==> obj [/lib/x86_64-linux-gnu/crti.o]
    arg [/usr/lib/gcc/x86_64-linux-gnu/11/crtbeginS.o] ==> obj [/usr/lib/gcc/x86_64-linux-gnu/11/crtbeginS.o]
    arg [-L/cluster_env_papi/llvm-install/lib] ==> dir [/cluster_env_papi/llvm-install/lib]
    arg [-L/cluster_env_papi/llvm-install/bin/../lib/x86_64-unknown-linux-gnu] ==> dir [/cluster_env_papi/llvm-install/bin/../lib/x86_64-unknown-linux-gnu]
    arg [-L/usr/lib/gcc/x86_64-linux-gnu/11] ==> dir [/usr/lib/gcc/x86_64-linux-gnu/11]
    arg [-L/usr/lib/gcc/x86_64-linux-gnu/11/../../../../lib64] ==> dir [/usr/lib/gcc/x86_64-linux-gnu/11/../../../../lib64]
    arg [-L/lib/x86_64-linux-gnu] ==> dir [/lib/x86_64-linux-gnu]
    arg [-L/lib/../lib64] ==> dir [/lib/../lib64]
    arg [-L/usr/lib/x86_64-linux-gnu] ==> dir [/usr/lib/x86_64-linux-gnu]
    arg [-L/usr/lib64] ==> dir [/usr/lib64]
    arg [-L/lib] ==> dir [/lib]
    arg [-L/usr/lib] ==> dir [/usr/lib]
    arg [-L/cluster_env_papi/llvm-install/lib/x86_64-unknown-linux-gnu] ==> dir [/cluster_env_papi/llvm-install/lib/x86_64-unknown-linux-gnu]
    arg [-L.] ==> ignore
    arg [-rpath=/cluster_env_papi/llvm-install/lib] ==> ignore
    arg [CMakeFiles/cmTC_34cad.dir/CMakeCCompilerABI.c.o] ==> ignore
    arg [-lomp] ==> lib [omp]
    arg [-L/cluster_env_papi/llvm-install/lib] ==> dir [/cluster_env_papi/llvm-install/lib]
    arg [-lgcc] ==> lib [gcc]
    arg [--as-needed] ==> ignore
    arg [-lgcc_s] ==> lib [gcc_s]
    arg [--no-as-needed] ==> ignore
    arg [-lpthread] ==> lib [pthread]
    arg [-lc] ==> lib [c]
    arg [-lgcc] ==> lib [gcc]
    arg [--as-needed] ==> ignore
    arg [-lgcc_s] ==> lib [gcc_s]
    arg [--no-as-needed] ==> ignore
    arg [/usr/lib/gcc/x86_64-linux-gnu/11/crtendS.o] ==> obj [/usr/lib/gcc/x86_64-linux-gnu/11/crtendS.o]
    arg [/lib/x86_64-linux-gnu/crtn.o] ==> obj [/lib/x86_64-linux-gnu/crtn.o]
  collapse library dir [/cluster_env_papi/llvm-install/lib] ==> [/cluster_env_papi/llvm-install/lib]
  collapse library dir [/cluster_env_papi/llvm-install/bin/../lib/x86_64-unknown-linux-gnu] ==> [/cluster_env_papi/llvm-install/lib/x86_64-unknown-linux-gnu]
  collapse library dir [/usr/lib/gcc/x86_64-linux-gnu/11] ==> [/usr/lib/gcc/x86_64-linux-gnu/11]
  collapse library dir [/usr/lib/gcc/x86_64-linux-gnu/11/../../../../lib64] ==> [/usr/lib64]
  collapse library dir [/lib/x86_64-linux-gnu] ==> [/lib/x86_64-linux-gnu]
  collapse library dir [/lib/../lib64] ==> [/lib64]
  collapse library dir [/usr/lib/x86_64-linux-gnu] ==> [/usr/lib/x86_64-linux-gnu]
  collapse library dir [/usr/lib64] ==> [/usr/lib64]
  collapse library dir [/lib] ==> [/lib]
  collapse library dir [/usr/lib] ==> [/usr/lib]
  collapse library dir [/cluster_env_papi/llvm-install/lib/x86_64-unknown-linux-gnu] ==> [/cluster_env_papi/llvm-install/lib/x86_64-unknown-linux-gnu]
  collapse library dir [/cluster_env_papi/llvm-install/lib] ==> [/cluster_env_papi/llvm-install/lib]
  implicit libs: [omp;gcc;gcc_s;pthread;c;gcc;gcc_s]
  implicit objs: [/lib/x86_64-linux-gnu/Scrt1.o;/lib/x86_64-linux-gnu/crti.o;/usr/lib/gcc/x86_64-linux-gnu/11/crtbeginS.o;/usr/lib/gcc/x86_64-linux-gnu/11/crtendS.o;/lib/x86_64-linux-gnu/crtn.o]
  implicit dirs: [/cluster_env_papi/llvm-install/lib;/cluster_env_papi/llvm-install/lib/x86_64-unknown-linux-gnu;/usr/lib/gcc/x86_64-linux-gnu/11;/usr/lib64;/lib/x86_64-linux-gnu;/lib64;/usr/lib/x86_64-linux-gnu;/lib;/usr/lib]
  implicit fwks: []


Detecting CXX compiler ABI info compiled with the following output:
Change Dir: /home/ancloare/container/env_v1/O2_small_32_8_64_s/build/CMakeFiles/CMakeTmp

Run Build Command(s):/usr/bin/gmake -f Makefile cmTC_5aad3/fast && /usr/bin/gmake  -f CMakeFiles/cmTC_5aad3.dir/build.make CMakeFiles/cmTC_5aad3.dir/build
gmake[1]: Entering directory '/home/ancloare/container/env_v1/O2_small_32_8_64_s/build/CMakeFiles/CMakeTmp'
Building CXX object CMakeFiles/cmTC_5aad3.dir/CMakeCXXCompilerABI.cpp.o
/cluster_env_papi/llvm-install/bin/clang++   -stdlib=libc++ -I/cluster_env_papi/llvm-install/include/c++/v1 -fopenmp    -v -MD -MT CMakeFiles/cmTC_5aad3.dir/CMakeCXXCompilerABI.cpp.o -MF CMakeFiles/cmTC_5aad3.dir/CMakeCXXCompilerABI.cpp.o.d -o CMakeFiles/cmTC_5aad3.dir/CMakeCXXCompilerABI.cpp.o -c /usr/share/cmake-3.22/Modules/CMakeCXXCompilerABI.cpp
clang version 21.0.0git (https://gitlab.bsc.es/ppc/software/llvm-project.git 5492260d1b01e63ea93bf2d56632dcf43fb54f52)
Target: x86_64-unknown-linux-gnu
Thread model: posix
InstalledDir: /cluster_env_papi/llvm-install/bin
Found candidate GCC installation: /usr/lib/gcc/x86_64-linux-gnu/11
Selected GCC installation: /usr/lib/gcc/x86_64-linux-gnu/11
Candidate multilib: .;@m64
Selected multilib: .;@m64
 (in-process)
 "/cluster_env_papi/llvm-install/bin/clang-21" -cc1 -triple x86_64-unknown-linux-gnu -emit-obj -disable-free -clear-ast-before-backend -disable-llvm-verifier -discard-value-names -main-file-name CMakeCXXCompilerABI.cpp -mrelocation-model pic -pic-level 2 -pic-is-pie -mframe-pointer=all -fmath-errno -ffp-contract=on -fno-rounding-math -mconstructor-aliases -funwind-tables=2 -target-cpu x86-64 -tune-cpu generic -debugger-tuning=gdb -fdebug-compilation-dir=/home/ancloare/container/env_v1/O2_small_32_8_64_s/build/CMakeFiles/CMakeTmp -v -fcoverage-compilation-dir=/home/ancloare/container/env_v1/O2_small_32_8_64_s/build/CMakeFiles/CMakeTmp -resource-dir /cluster_env_papi/llvm-install/lib/clang/21 -dependency-file CMakeFiles/cmTC_5aad3.dir/CMakeCXXCompilerABI.cpp.o.d -MT CMakeFiles/cmTC_5aad3.dir/CMakeCXXCompilerABI.cpp.o -sys-header-deps -I /cluster_env_papi/llvm-install/include/c++/v1 -internal-isystem /cluster_env_papi/llvm-install/bin/../include/c++/v1 -internal-isystem /cluster_env_papi/llvm-install/lib/clang/21/include -internal-isystem /usr/local/include -internal-isystem /usr/lib/gcc/x86_64-linux-gnu/11/../../../../x86_64-linux-gnu/include -internal-externc-isystem /usr/include/x86_64-linux-gnu -internal-externc-isystem /include -internal-externc-isystem /usr/include -fdeprecated-macro -ferror-limit 19 -fopenmp -fgnuc-version=4.2.1 -fskip-odr-check-in-gmf -fcxx-exceptions -fexceptions -faddrsig -D__GCC_HAVE_DWARF2_CFI_ASM=1 -o CMakeFiles/cmTC_5aad3.dir/CMakeCXXCompilerABI.cpp.o -x c++ /usr/share/cmake-3.22/Modules/CMakeCXXCompilerABI.cpp
clang -cc1 version 21.0.0git based upon LLVM 21.0.0git default target x86_64-unknown-linux-gnu
ignoring nonexistent directory "/usr/lib/gcc/x86_64-linux-gnu/11/../../../../x86_64-linux-gnu/include"
ignoring nonexistent directory "/include"
ignoring duplicate directory "/cluster_env_papi/llvm-install/bin/../include/c++/v1"
  as it is a non-system directory that duplicates a system directory
#include "..." search starts here:
#include <...> search starts here:
 /cluster_env_papi/llvm-install/bin/../include/c++/v1
 /cluster_env_papi/llvm-install/lib/clang/21/include
 /usr/local/include
 /usr/include/x86_64-linux-gnu
 /usr/include
End of search list.
Linking CXX executable cmTC_5aad3
/usr/bin/cmake -E cmake_link_script CMakeFiles/cmTC_5aad3.dir/link.txt --verbose=1
/cluster_env_papi/llvm-install/bin/clang++ -stdlib=libc++ -I/cluster_env_papi/llvm-install/include/c++/v1 -fopenmp  -stdlib=libc++ -L/cluster_env_papi/llvm-install/lib -Wl,-rpath=/cluster_env_papi/llvm-install/lib -fopenmp -v CMakeFiles/cmTC_5aad3.dir/CMakeCXXCompilerABI.cpp.o -o cmTC_5aad3 
clang version 21.0.0git (https://gitlab.bsc.es/ppc/software/llvm-project.git 5492260d1b01e63ea93bf2d56632dcf43fb54f52)
Target: x86_64-unknown-linux-gnu
Thread model: posix
InstalledDir: /cluster_env_papi/llvm-install/bin
Found candidate GCC installation: /usr/lib/gcc/x86_64-linux-gnu/11
Selected GCC installation: /usr/lib/gcc/x86_64-linux-gnu/11
Candidate multilib: .;@m64
Selected multilib: .;@m64
 "/usr/bin/ld" -z relro --hash-style=gnu --eh-frame-hdr -m elf_x86_64 -pie -dynamic-linker /lib64/ld-linux-x86-64.so.2 -o cmTC_5aad3 /lib/x86_64-linux-gnu/Scrt1.o /lib/x86_64-linux-gnu/crti.o /usr/lib/gcc/x86_64-linux-gnu/11/crtbeginS.o -L/cluster_env_papi/llvm-install/lib -L/cluster_env_papi/llvm-install/bin/../lib/x86_64-unknown-linux-gnu -L/usr/lib/gcc/x86_64-linux-gnu/11 -L/usr/lib/gcc/x86_64-linux-gnu/11/../../../../lib64 -L/lib/x86_64-linux-gnu -L/lib/../lib64 -L/usr/lib/x86_64-linux-gnu -L/usr/lib64 -L/lib -L/usr/lib -L/cluster_env_papi/llvm-install/lib/x86_64-unknown-linux-gnu -L. -rpath=/cluster_env_papi/llvm-install/lib CMakeFiles/cmTC_5aad3.dir/CMakeCXXCompilerABI.cpp.o -lc++ -lm -lomp -L/cluster_env_papi/llvm-install/lib -lgcc_s -lgcc -lpthread -lc -lgcc_s -lgcc /usr/lib/gcc/x86_64-linux-gnu/11/crtendS.o /lib/x86_64-linux-gnu/crtn.o
gmake[1]: Leaving directory '/home/ancloare/container/env_v1/O2_small_32_8_64_s/build/CMakeFiles/CMakeTmp'



Parsed CXX implicit include dir info from above output: rv=done
  found start of include info
  found start of implicit include info
    add: [/cluster_env_papi/llvm-install/bin/../include/c++/v1]
    add: [/cluster_env_papi/llvm-install/lib/clang/21/include]
    add: [/usr/local/include]
    add: [/usr/include/x86_64-linux-gnu]
    add: [/usr/include]
  end of search list found
  collapse include dir [/cluster_env_papi/llvm-install/bin/../include/c++/v1] ==> [/cluster_env_papi/llvm-install/include/c++/v1]
  collapse include dir [/cluster_env_papi/llvm-install/lib/clang/21/include] ==> [/cluster_env_papi/llvm-install/lib/clang/21/include]
  collapse include dir [/usr/local/include] ==> [/usr/local/include]
  collapse include dir [/usr/include/x86_64-linux-gnu] ==> [/usr/include/x86_64-linux-gnu]
  collapse include dir [/usr/include] ==> [/usr/include]
  implicit include dirs: [/cluster_env_papi/llvm-install/include/c++/v1;/cluster_env_papi/llvm-install/lib/clang/21/include;/usr/local/include;/usr/include/x86_64-linux-gnu;/usr/include]


Parsed CXX implicit link information from above output:
  link line regex: [^( *|.*[/\])(ld|CMAKE_LINK_STARTFILE-NOTFOUND|([^/\]+-)?ld|collect2)[^/\]*( |$)]
  ignore line: [Change Dir: /home/ancloare/container/env_v1/O2_small_32_8_64_s/build/CMakeFiles/CMakeTmp]
  ignore line: []
  ignore line: [Run Build Command(s):/usr/bin/gmake -f Makefile cmTC_5aad3/fast && /usr/bin/gmake  -f CMakeFiles/cmTC_5aad3.dir/build.make CMakeFiles/cmTC_5aad3.dir/build]
  ignore line: [gmake[1]: Entering directory '/home/ancloare/container/env_v1/O2_small_32_8_64_s/build/CMakeFiles/CMakeTmp']
  ignore line: [Building CXX object CMakeFiles/cmTC_5aad3.dir/CMakeCXXCompilerABI.cpp.o]
  ignore line: [/cluster_env_papi/llvm-install/bin/clang++   -stdlib=libc++ -I/cluster_env_papi/llvm-install/include/c++/v1 -fopenmp    -v -MD -MT CMakeFiles/cmTC_5aad3.dir/CMakeCXXCompilerABI.cpp.o -MF CMakeFiles/cmTC_5aad3.dir/CMakeCXXCompilerABI.cpp.o.d -o CMakeFiles/cmTC_5aad3.dir/CMakeCXXCompilerABI.cpp.o -c /usr/share/cmake-3.22/Modules/CMakeCXXCompilerABI.cpp]
  ignore line: [clang version 21.0.0git (https://gitlab.bsc.es/ppc/software/llvm-project.git 5492260d1b01e63ea93bf2d56632dcf43fb54f52)]
  ignore line: [Target: x86_64-unknown-linux-gnu]
  ignore line: [Thread model: posix]
  ignore line: [InstalledDir: /cluster_env_papi/llvm-install/bin]
  ignore line: [Found candidate GCC installation: /usr/lib/gcc/x86_64-linux-gnu/11]
  ignore line: [Selected GCC installation: /usr/lib/gcc/x86_64-linux-gnu/11]
  ignore line: [Candidate multilib: .]
  ignore line: [@m64]
  ignore line: [Selected multilib: .]
  ignore line: [@m64]
  ignore line: [ (in-process)]
  ignore line: [ "/cluster_env_papi/llvm-install/bin/clang-21" -cc1 -triple x86_64-unknown-linux-gnu -emit-obj -disable-free -clear-ast-before-backend -disable-llvm-verifier -discard-value-names -main-file-name CMakeCXXCompilerABI.cpp -mrelocation-model pic -pic-level 2 -pic-is-pie -mframe-pointer=all -fmath-errno -ffp-contract=on -fno-rounding-math -mconstructor-aliases -funwind-tables=2 -target-cpu x86-64 -tune-cpu generic -debugger-tuning=gdb -fdebug-compilation-dir=/home/ancloare/container/env_v1/O2_small_32_8_64_s/build/CMakeFiles/CMakeTmp -v -fcoverage-compilation-dir=/home/ancloare/container/env_v1/O2_small_32_8_64_s/build/CMakeFiles/CMakeTmp -resource-dir /cluster_env_papi/llvm-install/lib/clang/21 -dependency-file CMakeFiles/cmTC_5aad3.dir/CMakeCXXCompilerABI.cpp.o.d -MT CMakeFiles/cmTC_5aad3.dir/CMakeCXXCompilerABI.cpp.o -sys-header-deps -I /cluster_env_papi/llvm-install/include/c++/v1 -internal-isystem /cluster_env_papi/llvm-install/bin/../include/c++/v1 -internal-isystem /cluster_env_papi/llvm-install/lib/clang/21/include -internal-isystem /usr/local/include -internal-isystem /usr/lib/gcc/x86_64-linux-gnu/11/../../../../x86_64-linux-gnu/include -internal-externc-isystem /usr/include/x86_64-linux-gnu -internal-externc-isystem /include -internal-externc-isystem /usr/include -fdeprecated-macro -ferror-limit 19 -fopenmp -fgnuc-version=4.2.1 -fskip-odr-check-in-gmf -fcxx-exceptions -fexceptions -faddrsig -D__GCC_HAVE_DWARF2_CFI_ASM=1 -o CMakeFiles/cmTC_5aad3.dir/CMakeCXXCompilerABI.cpp.o -x c++ /usr/share/cmake-3.22/Modules/CMakeCXXCompilerABI.cpp]
  ignore line: [clang -cc1 version 21.0.0git based upon LLVM 21.0.0git default target x86_64-unknown-linux-gnu]
  ignore line: [ignoring nonexistent directory "/usr/lib/gcc/x86_64-linux-gnu/11/../../../../x86_64-linux-gnu/include"]
  ignore line: [ignoring nonexistent directory "/include"]
  ignore line: [ignoring duplicate directory "/cluster_env_papi/llvm-install/bin/../include/c++/v1"]
  ignore line: [  as it is a non-system directory that duplicates a system directory]
  ignore line: [#include "..." search starts here:]
  ignore line: [#include <...> search starts here:]
  ignore line: [ /cluster_env_papi/llvm-install/bin/../include/c++/v1]
  ignore line: [ /cluster_env_papi/llvm-install/lib/clang/21/include]
  ignore line: [ /usr/local/include]
  ignore line: [ /usr/include/x86_64-linux-gnu]
  ignore line: [ /usr/include]
  ignore line: [End of search list.]
  ignore line: [Linking CXX executable cmTC_5aad3]
  ignore line: [/usr/bin/cmake -E cmake_link_script CMakeFiles/cmTC_5aad3.dir/link.txt --verbose=1]
  ignore line: [/cluster_env_papi/llvm-install/bin/clang++ -stdlib=libc++ -I/cluster_env_papi/llvm-install/include/c++/v1 -fopenmp  -stdlib=libc++ -L/cluster_env_papi/llvm-install/lib -Wl -rpath=/cluster_env_papi/llvm-install/lib -fopenmp -v CMakeFiles/cmTC_5aad3.dir/CMakeCXXCompilerABI.cpp.o -o cmTC_5aad3 ]
  ignore line: [clang version 21.0.0git (https://gitlab.bsc.es/ppc/software/llvm-project.git 5492260d1b01e63ea93bf2d56632dcf43fb54f52)]
  ignore line: [Target: x86_64-unknown-linux-gnu]
  ignore line: [Thread model: posix]
  ignore line: [InstalledDir: /cluster_env_papi/llvm-install/bin]
  ignore line: [Found candidate GCC installation: /usr/lib/gcc/x86_64-linux-gnu/11]
  ignore line: [Selected GCC installation: /usr/lib/gcc/x86_64-linux-gnu/11]
  ignore line: [Candidate multilib: .]
  ignore line: [@m64]
  ignore line: [Selected multilib: .]
  ignore line: [@m64]
  link line: [ "/usr/bin/ld" -z relro --hash-style=gnu --eh-frame-hdr -m elf_x86_64 -pie -dynamic-linker /lib64/ld-linux-x86-64.so.2 -o cmTC_5aad3 /lib/x86_64-linux-gnu/Scrt1.o /lib/x86_64-linux-gnu/crti.o /usr/lib/gcc/x86_64-linux-gnu/11/crtbeginS.o -L/cluster_env_papi/llvm-install/lib -L/cluster_env_papi/llvm-install/bin/../lib/x86_64-unknown-linux-gnu -L/usr/lib/gcc/x86_64-linux-gnu/11 -L/usr/lib/gcc/x86_64-linux-gnu/11/../../../../lib64 -L/lib/x86_64-linux-gnu -L/lib/../lib64 -L/usr/lib/x86_64-linux-gnu -L/usr/lib64 -L/lib -L/usr/lib -L/cluster_env_papi/llvm-install/lib/x86_64-unknown-linux-gnu -L. -rpath=/cluster_env_papi/llvm-install/lib CMakeFiles/cmTC_5aad3.dir/CMakeCXXCompilerABI.cpp.o -lc++ -lm -lomp -L/cluster_env_papi/llvm-install/lib -lgcc_s -lgcc -lpthread -lc -lgcc_s -lgcc /usr/lib/gcc/x86_64-linux-gnu/11/crtendS.o /lib/x86_64-linux-gnu/crtn.o]
    arg [/usr/bin/ld] ==> ignore
    arg [-zrelro] ==> ignore
    arg [--hash-style=gnu] ==> ignore
    arg [--eh-frame-hdr] ==> ignore
    arg [-m] ==> ignore
    arg [elf_x86_64] ==> ignore
    arg [-pie] ==> ignore
    arg [-dynamic-linker] ==> ignore
    arg [/lib64/ld-linux-x86-64.so.2] ==> ignore
    arg [-o] ==> ignore
    arg [cmTC_5aad3] ==> ignore
    arg [/lib/x86_64-linux-gnu/Scrt1.o] ==> obj [/lib/x86_64-linux-gnu/Scrt1.o]
    arg [/lib/x86_64-linux-gnu/crti.o] ==> obj [/lib/x86_64-linux-gnu/crti.o]
    arg [/usr/lib/gcc/x86_64-linux-gnu/11/crtbeginS.o] ==> obj [/usr/lib/gcc/x86_64-linux-gnu/11/crtbeginS.o]
    arg [-L/cluster_env_papi/llvm-install/lib] ==> dir [/cluster_env_papi/llvm-install/lib]
    arg [-L/cluster_env_papi/llvm-install/bin/../lib/x86_64-unknown-linux-gnu] ==> dir [/cluster_env_papi/llvm-install/bin/../lib/x86_64-unknown-linux-gnu]
    arg [-L/usr/lib/gcc/x86_64-linux-gnu/11] ==> dir [/usr/lib/gcc/x86_64-linux-gnu/11]
    arg [-L/usr/lib/gcc/x86_64-linux-gnu/11/../../../../lib64] ==> dir [/usr/lib/gcc/x86_64-linux-gnu/11/../../../../lib64]
    arg [-L/lib/x86_64-linux-gnu] ==> dir [/lib/x86_64-linux-gnu]
    arg [-L/lib/../lib64] ==> dir [/lib/../lib64]
    arg [-L/usr/lib/x86_64-linux-gnu] ==> dir [/usr/lib/x86_64-linux-gnu]
    arg [-L/usr/lib64] ==> dir [/usr/lib64]
    arg [-L/lib] ==> dir [/lib]
    arg [-L/usr/lib] ==> dir [/usr/lib]
    arg [-L/cluster_env_papi/llvm-install/lib/x86_64-unknown-linux-gnu] ==> dir [/cluster_env_papi/llvm-install/lib/x86_64-unknown-linux-gnu]
    arg [-L.] ==> ignore
    arg [-rpath=/cluster_env_papi/llvm-install/lib] ==> ignore
    arg [CMakeFiles/cmTC_5aad3.dir/CMakeCXXCompilerABI.cpp.o] ==> ignore
    arg [-lc++] ==> lib [c++]
    arg [-lm] ==> lib [m]
    arg [-lomp] ==> lib [omp]
    arg [-L/cluster_env_papi/llvm-install/lib] ==> dir [/cluster_env_papi/llvm-install/lib]
    arg [-lgcc_s] ==> lib [gcc_s]
    arg [-lgcc] ==> lib [gcc]
    arg [-lpthread] ==> lib [pthread]
    arg [-lc] ==> lib [c]
    arg [-lgcc_s] ==> lib [gcc_s]
    arg [-lgcc] ==> lib [gcc]
    arg [/usr/lib/gcc/x86_64-linux-gnu/11/crtendS.o] ==> obj [/usr/lib/gcc/x86_64-linux-gnu/11/crtendS.o]
    arg [/lib/x86_64-linux-gnu/crtn.o] ==> obj [/lib/x86_64-linux-gnu/crtn.o]
  collapse library dir [/cluster_env_papi/llvm-install/lib] ==> [/cluster_env_papi/llvm-install/lib]
  collapse library dir [/cluster_env_papi/llvm-install/bin/../lib/x86_64-unknown-linux-gnu] ==> [/cluster_env_papi/llvm-install/lib/x86_64-unknown-linux-gnu]
  collapse library dir [/usr/lib/gcc/x86_64-linux-gnu/11] ==> [/usr/lib/gcc/x86_64-linux-gnu/11]
  collapse library dir [/usr/lib/gcc/x86_64-linux-gnu/11/../../../../lib64] ==> [/usr/lib64]
  collapse library dir [/lib/x86_64-linux-gnu] ==> [/lib/x86_64-linux-gnu]
  collapse library dir [/lib/../lib64] ==> [/lib64]
  collapse library dir [/usr/lib/x86_64-linux-gnu] ==> [/usr/lib/x86_64-linux-gnu]
  collapse library dir [/usr/lib64] ==> [/usr/lib64]
  collapse library dir [/lib] ==> [/lib]
  collapse library dir [/usr/lib] ==> [/usr/lib]
  collapse library dir [/cluster_env_papi/llvm-install/lib/x86_64-unknown-linux-gnu] ==> [/cluster_env_papi/llvm-install/lib/x86_64-unknown-linux-gnu]
  collapse library dir [/cluster_env_papi/llvm-install/lib] ==> [/cluster_env_papi/llvm-install/lib]
  implicit libs: [c++;m;omp;gcc_s;gcc;pthread;c;gcc_s;gcc]
  implicit objs: [/lib/x86_64-linux-gnu/Scrt1.o;/lib/x86_64-linux-gnu/crti.o;/usr/lib/gcc/x86_64-linux-gnu/11/crtbeginS.o;/usr/lib/gcc/x86_64-linux-gnu/11/crtendS.o;/lib/x86_64-linux-gnu/crtn.o]
  implicit dirs: [/cluster_env_papi/llvm-install/lib;/cluster_env_papi/llvm-install/lib/x86_64-unknown-linux-gnu;/usr/lib/gcc/x86_64-linux-gnu/11;/usr/lib64;/lib/x86_64-linux-gnu;/lib64;/usr/lib/x86_64-linux-gnu;/lib;/usr/lib]
  implicit fwks: []


Determining if the include file pthread.h exists passed with the following output:
Change Dir: /home/ancloare/container/env_v1/O2_small_32_8_64_s/build/CMakeFiles/CMakeTmp

Run Build Command(s):/usr/bin/gmake -f Makefile cmTC_f7949/fast && /usr/bin/gmake  -f CMakeFiles/cmTC_f7949.dir/build.make CMakeFiles/cmTC_f7949.dir/build
gmake[1]: Entering directory '/home/ancloare/container/env_v1/O2_small_32_8_64_s/build/CMakeFiles/CMakeTmp'
Building C object CMakeFiles/cmTC_f7949.dir/CheckIncludeFile.c.o
/cluster_env_papi/llvm-install/bin/clang   -std=c99 -g -Wall -mcmodel=large  -MD -MT CMakeFiles/cmTC_f7949.dir/CheckIncludeFile.c.o -MF CMakeFiles/cmTC_f7949.dir/CheckIncludeFile.c.o.d -o CMakeFiles/cmTC_f7949.dir/CheckIncludeFile.c.o -c /home/ancloare/container/env_v1/O2_small_32_8_64_s/build/CMakeFiles/CMakeTmp/CheckIncludeFile.c
Linking C executable cmTC_f7949
/usr/bin/cmake -E cmake_link_script CMakeFiles/cmTC_f7949.dir/link.txt --verbose=1
/cluster_env_papi/llvm-install/bin/clang  -std=c99 -g -Wall -mcmodel=large  -stdlib=libc++ -L/cluster_env_papi/llvm-install/lib -Wl,-rpath=/cluster_env_papi/llvm-install/lib -fopenmp  CMakeFiles/cmTC_f7949.dir/CheckIncludeFile.c.o -o cmTC_f7949 
gmake[1]: Leaving directory '/home/ancloare/container/env_v1/O2_small_32_8_64_s/build/CMakeFiles/CMakeTmp'



Performing C SOURCE FILE Test CMAKE_HAVE_LIBC_PTHREAD succeeded with the following output:
Change Dir: /home/ancloare/container/env_v1/O2_small_32_8_64_s/build/CMakeFiles/CMakeTmp

Run Build Command(s):/usr/bin/gmake -f Makefile cmTC_66ce0/fast && /usr/bin/gmake  -f CMakeFiles/cmTC_66ce0.dir/build.make CMakeFiles/cmTC_66ce0.dir/build
gmake[1]: Entering directory '/home/ancloare/container/env_v1/O2_small_32_8_64_s/build/CMakeFiles/CMakeTmp'
Building C object CMakeFiles/cmTC_66ce0.dir/src.c.o
/cluster_env_papi/llvm-install/bin/clang -DCMAKE_HAVE_LIBC_PTHREAD  -std=c99 -g -Wall -mcmodel=large  -MD -MT CMakeFiles/cmTC_66ce0.dir/src.c.o -MF CMakeFiles/cmTC_66ce0.dir/src.c.o.d -o CMakeFiles/cmTC_66ce0.dir/src.c.o -c /home/ancloare/container/env_v1/O2_small_32_8_64_s/build/CMakeFiles/CMakeTmp/src.c
Linking C executable cmTC_66ce0
/usr/bin/cmake -E cmake_link_script CMakeFiles/cmTC_66ce0.dir/link.txt --verbose=1
/cluster_env_papi/llvm-install/bin/clang  -std=c99 -g -Wall -mcmodel=large  -stdlib=libc++ -L/cluster_env_papi/llvm-install/lib -Wl,-rpath=/cluster_env_papi/llvm-install/lib -fopenmp  CMakeFiles/cmTC_66ce0.dir/src.c.o -o cmTC_66ce0 
gmake[1]: Leaving directory '/home/ancloare/container/env_v1/O2_small_32_8_64_s/build/CMakeFiles/CMakeTmp'


Source file was:
#include <pthread.h>

static void* test_func(void* data)
{
  return data;
}

int main(void)
{
  pthread_t thread;
  pthread_create(&thread, NULL, test_func, NULL);
  pthread_detach(thread);
  pthread_cancel(thread);
  pthread_join(thread, NULL);
  pthread_atfork(NULL, NULL, NULL);
  pthread_exit(NULL);

  return 0;
}

Detecting C OpenMP compiler ABI info compiled with the following output:
Change Dir: /home/ancloare/container/env_v1/O2_small_32_8_64_s/build/CMakeFiles/CMakeTmp

Run Build Command(s):/usr/bin/gmake -f Makefile cmTC_f75b2/fast && /usr/bin/gmake  -f CMakeFiles/cmTC_f75b2.dir/build.make CMakeFiles/cmTC_f75b2.dir/build
gmake[1]: Entering directory '/home/ancloare/container/env_v1/O2_small_32_8_64_s/build/CMakeFiles/CMakeTmp'
Building C object CMakeFiles/cmTC_f75b2.dir/OpenMPTryFlag.c.o
/cluster_env_papi/llvm-install/bin/clang   -std=c99 -g -Wall -mcmodel=large -fopenmp=libomp -v -MD -MT CMakeFiles/cmTC_f75b2.dir/OpenMPTryFlag.c.o -MF CMakeFiles/cmTC_f75b2.dir/OpenMPTryFlag.c.o.d -o CMakeFiles/cmTC_f75b2.dir/OpenMPTryFlag.c.o -c /home/ancloare/container/env_v1/O2_small_32_8_64_s/build/CMakeFiles/FindOpenMP/OpenMPTryFlag.c
clang version 21.0.0git (https://gitlab.bsc.es/ppc/software/llvm-project.git 5492260d1b01e63ea93bf2d56632dcf43fb54f52)
Target: x86_64-unknown-linux-gnu
Thread model: posix
InstalledDir: /cluster_env_papi/llvm-install/bin
Found candidate GCC installation: /usr/lib/gcc/x86_64-linux-gnu/11
Selected GCC installation: /usr/lib/gcc/x86_64-linux-gnu/11
Candidate multilib: .;@m64
Selected multilib: .;@m64
 (in-process)
 "/cluster_env_papi/llvm-install/bin/clang-21" -cc1 -triple x86_64-unknown-linux-gnu -emit-obj -disable-free -clear-ast-before-backend -disable-llvm-verifier -discard-value-names -main-file-name OpenMPTryFlag.c -mrelocation-model pic -pic-level 2 -pic-is-pie -mframe-pointer=all -fmath-errno -ffp-contract=on -fno-rounding-math -mconstructor-aliases -funwind-tables=2 -mcmodel=large -mlarge-data-threshold=0 -target-cpu x86-64 -tune-cpu generic -debug-info-kind=constructor -dwarf-version=5 -debugger-tuning=gdb -fdebug-compilation-dir=/home/ancloare/container/env_v1/O2_small_32_8_64_s/build/CMakeFiles/CMakeTmp -v -fcoverage-compilation-dir=/home/ancloare/container/env_v1/O2_small_32_8_64_s/build/CMakeFiles/CMakeTmp -resource-dir /cluster_env_papi/llvm-install/lib/clang/21 -dependency-file CMakeFiles/cmTC_f75b2.dir/OpenMPTryFlag.c.o.d -MT CMakeFiles/cmTC_f75b2.dir/OpenMPTryFlag.c.o -sys-header-deps -internal-isystem /cluster_env_papi/llvm-install/lib/clang/21/include -internal-isystem /usr/local/include -internal-isystem /usr/lib/gcc/x86_64-linux-gnu/11/../../../../x86_64-linux-gnu/include -internal-externc-isystem /usr/include/x86_64-linux-gnu -internal-externc-isystem /include -internal-externc-isystem /usr/include -Wall -std=c99 -ferror-limit 19 -fopenmp -fgnuc-version=4.2.1 -fskip-odr-check-in-gmf -faddrsig -D__GCC_HAVE_DWARF2_CFI_ASM=1 -o CMakeFiles/cmTC_f75b2.dir/OpenMPTryFlag.c.o -x c /home/ancloare/container/env_v1/O2_small_32_8_64_s/build/CMakeFiles/FindOpenMP/OpenMPTryFlag.c
clang -cc1 version 21.0.0git based upon LLVM 21.0.0git default target x86_64-unknown-linux-gnu
ignoring nonexistent directory "/usr/lib/gcc/x86_64-linux-gnu/11/../../../../x86_64-linux-gnu/include"
ignoring nonexistent directory "/include"
#include "..." search starts here:
#include <...> search starts here:
 /cluster_env_papi/llvm-install/lib/clang/21/include
 /usr/local/include
 /usr/include/x86_64-linux-gnu
 /usr/include
End of search list.
Linking C executable cmTC_f75b2
/usr/bin/cmake -E cmake_link_script CMakeFiles/cmTC_f75b2.dir/link.txt --verbose=1
/cluster_env_papi/llvm-install/bin/clang  -std=c99 -g -Wall -mcmodel=large -fopenmp=libomp -v -stdlib=libc++ -L/cluster_env_papi/llvm-install/lib -Wl,-rpath=/cluster_env_papi/llvm-install/lib -fopenmp  CMakeFiles/cmTC_f75b2.dir/OpenMPTryFlag.c.o -o cmTC_f75b2  -v 
clang version 21.0.0git (https://gitlab.bsc.es/ppc/software/llvm-project.git 5492260d1b01e63ea93bf2d56632dcf43fb54f52)
Target: x86_64-unknown-linux-gnu
Thread model: posix
InstalledDir: /cluster_env_papi/llvm-install/bin
Found candidate GCC installation: /usr/lib/gcc/x86_64-linux-gnu/11
Selected GCC installation: /usr/lib/gcc/x86_64-linux-gnu/11
Candidate multilib: .;@m64
Selected multilib: .;@m64
 "/usr/bin/ld" -z relro --hash-style=gnu --eh-frame-hdr -m elf_x86_64 -pie -dynamic-linker /lib64/ld-linux-x86-64.so.2 -o cmTC_f75b2 /lib/x86_64-linux-gnu/Scrt1.o /lib/x86_64-linux-gnu/crti.o /usr/lib/gcc/x86_64-linux-gnu/11/crtbeginS.o -L/cluster_env_papi/llvm-install/lib -L/cluster_env_papi/llvm-install/bin/../lib/x86_64-unknown-linux-gnu -L/usr/lib/gcc/x86_64-linux-gnu/11 -L/usr/lib/gcc/x86_64-linux-gnu/11/../../../../lib64 -L/lib/x86_64-linux-gnu -L/lib/../lib64 -L/usr/lib/x86_64-linux-gnu -L/usr/lib64 -L/lib -L/usr/lib -L/cluster_env_papi/llvm-install/lib/x86_64-unknown-linux-gnu -L. -rpath=/cluster_env_papi/llvm-install/lib CMakeFiles/cmTC_f75b2.dir/OpenMPTryFlag.c.o -lomp -L/cluster_env_papi/llvm-install/lib -lgcc --as-needed -lgcc_s --no-as-needed -lpthread -lc -lgcc --as-needed -lgcc_s --no-as-needed /usr/lib/gcc/x86_64-linux-gnu/11/crtendS.o /lib/x86_64-linux-gnu/crtn.o
gmake[1]: Leaving directory '/home/ancloare/container/env_v1/O2_small_32_8_64_s/build/CMakeFiles/CMakeTmp'



Parsed C OpenMP implicit link information from above output:
  link line regex: [^( *|.*[/\])(ld|CMAKE_LINK_STARTFILE-NOTFOUND|([^/\]+-)?ld|collect2)[^/\]*( |$)]
  ignore line: [Change Dir: /home/ancloare/container/env_v1/O2_small_32_8_64_s/build/CMakeFiles/CMakeTmp]
  ignore line: []
  ignore line: [Run Build Command(s):/usr/bin/gmake -f Makefile cmTC_f75b2/fast && /usr/bin/gmake  -f CMakeFiles/cmTC_f75b2.dir/build.make CMakeFiles/cmTC_f75b2.dir/build]
  ignore line: [gmake[1]: Entering directory '/home/ancloare/container/env_v1/O2_small_32_8_64_s/build/CMakeFiles/CMakeTmp']
  ignore line: [Building C object CMakeFiles/cmTC_f75b2.dir/OpenMPTryFlag.c.o]
  ignore line: [/cluster_env_papi/llvm-install/bin/clang   -std=c99 -g -Wall -mcmodel=large -fopenmp=libomp -v -MD -MT CMakeFiles/cmTC_f75b2.dir/OpenMPTryFlag.c.o -MF CMakeFiles/cmTC_f75b2.dir/OpenMPTryFlag.c.o.d -o CMakeFiles/cmTC_f75b2.dir/OpenMPTryFlag.c.o -c /home/ancloare/container/env_v1/O2_small_32_8_64_s/build/CMakeFiles/FindOpenMP/OpenMPTryFlag.c]
  ignore line: [clang version 21.0.0git (https://gitlab.bsc.es/ppc/software/llvm-project.git 5492260d1b01e63ea93bf2d56632dcf43fb54f52)]
  ignore line: [Target: x86_64-unknown-linux-gnu]
  ignore line: [Thread model: posix]
  ignore line: [InstalledDir: /cluster_env_papi/llvm-install/bin]
  ignore line: [Found candidate GCC installation: /usr/lib/gcc/x86_64-linux-gnu/11]
  ignore line: [Selected GCC installation: /usr/lib/gcc/x86_64-linux-gnu/11]
  ignore line: [Candidate multilib: .]
  ignore line: [@m64]
  ignore line: [Selected multilib: .]
  ignore line: [@m64]
  ignore line: [ (in-process)]
  ignore line: [ "/cluster_env_papi/llvm-install/bin/clang-21" -cc1 -triple x86_64-unknown-linux-gnu -emit-obj -disable-free -clear-ast-before-backend -disable-llvm-verifier -discard-value-names -main-file-name OpenMPTryFlag.c -mrelocation-model pic -pic-level 2 -pic-is-pie -mframe-pointer=all -fmath-errno -ffp-contract=on -fno-rounding-math -mconstructor-aliases -funwind-tables=2 -mcmodel=large -mlarge-data-threshold=0 -target-cpu x86-64 -tune-cpu generic -debug-info-kind=constructor -dwarf-version=5 -debugger-tuning=gdb -fdebug-compilation-dir=/home/ancloare/container/env_v1/O2_small_32_8_64_s/build/CMakeFiles/CMakeTmp -v -fcoverage-compilation-dir=/home/ancloare/container/env_v1/O2_small_32_8_64_s/build/CMakeFiles/CMakeTmp -resource-dir /cluster_env_papi/llvm-install/lib/clang/21 -dependency-file CMakeFiles/cmTC_f75b2.dir/OpenMPTryFlag.c.o.d -MT CMakeFiles/cmTC_f75b2.dir/OpenMPTryFlag.c.o -sys-header-deps -internal-isystem /cluster_env_papi/llvm-install/lib/clang/21/include -internal-isystem /usr/local/include -internal-isystem /usr/lib/gcc/x86_64-linux-gnu/11/../../../../x86_64-linux-gnu/include -internal-externc-isystem /usr/include/x86_64-linux-gnu -internal-externc-isystem /include -internal-externc-isystem /usr/include -Wall -std=c99 -ferror-limit 19 -fopenmp -fgnuc-version=4.2.1 -fskip-odr-check-in-gmf -faddrsig -D__GCC_HAVE_DWARF2_CFI_ASM=1 -o CMakeFiles/cmTC_f75b2.dir/OpenMPTryFlag.c.o -x c /home/ancloare/container/env_v1/O2_small_32_8_64_s/build/CMakeFiles/FindOpenMP/OpenMPTryFlag.c]
  ignore line: [clang -cc1 version 21.0.0git based upon LLVM 21.0.0git default target x86_64-unknown-linux-gnu]
  ignore line: [ignoring nonexistent directory "/usr/lib/gcc/x86_64-linux-gnu/11/../../../../x86_64-linux-gnu/include"]
  ignore line: [ignoring nonexistent directory "/include"]
  ignore line: [#include "..." search starts here:]
  ignore line: [#include <...> search starts here:]
  ignore line: [ /cluster_env_papi/llvm-install/lib/clang/21/include]
  ignore line: [ /usr/local/include]
  ignore line: [ /usr/include/x86_64-linux-gnu]
  ignore line: [ /usr/include]
  ignore line: [End of search list.]
  ignore line: [Linking C executable cmTC_f75b2]
  ignore line: [/usr/bin/cmake -E cmake_link_script CMakeFiles/cmTC_f75b2.dir/link.txt --verbose=1]
  ignore line: [/cluster_env_papi/llvm-install/bin/clang  -std=c99 -g -Wall -mcmodel=large -fopenmp=libomp -v -stdlib=libc++ -L/cluster_env_papi/llvm-install/lib -Wl -rpath=/cluster_env_papi/llvm-install/lib -fopenmp  CMakeFiles/cmTC_f75b2.dir/OpenMPTryFlag.c.o -o cmTC_f75b2  -v ]
  ignore line: [clang version 21.0.0git (https://gitlab.bsc.es/ppc/software/llvm-project.git 5492260d1b01e63ea93bf2d56632dcf43fb54f52)]
  ignore line: [Target: x86_64-unknown-linux-gnu]
  ignore line: [Thread model: posix]
  ignore line: [InstalledDir: /cluster_env_papi/llvm-install/bin]
  ignore line: [Found candidate GCC installation: /usr/lib/gcc/x86_64-linux-gnu/11]
  ignore line: [Selected GCC installation: /usr/lib/gcc/x86_64-linux-gnu/11]
  ignore line: [Candidate multilib: .]
  ignore line: [@m64]
  ignore line: [Selected multilib: .]
  ignore line: [@m64]
  link line: [ "/usr/bin/ld" -z relro --hash-style=gnu --eh-frame-hdr -m elf_x86_64 -pie -dynamic-linker /lib64/ld-linux-x86-64.so.2 -o cmTC_f75b2 /lib/x86_64-linux-gnu/Scrt1.o /lib/x86_64-linux-gnu/crti.o /usr/lib/gcc/x86_64-linux-gnu/11/crtbeginS.o -L/cluster_env_papi/llvm-install/lib -L/cluster_env_papi/llvm-install/bin/../lib/x86_64-unknown-linux-gnu -L/usr/lib/gcc/x86_64-linux-gnu/11 -L/usr/lib/gcc/x86_64-linux-gnu/11/../../../../lib64 -L/lib/x86_64-linux-gnu -L/lib/../lib64 -L/usr/lib/x86_64-linux-gnu -L/usr/lib64 -L/lib -L/usr/lib -L/cluster_env_papi/llvm-install/lib/x86_64-unknown-linux-gnu -L. -rpath=/cluster_env_papi/llvm-install/lib CMakeFiles/cmTC_f75b2.dir/OpenMPTryFlag.c.o -lomp -L/cluster_env_papi/llvm-install/lib -lgcc --as-needed -lgcc_s --no-as-needed -lpthread -lc -lgcc --as-needed -lgcc_s --no-as-needed /usr/lib/gcc/x86_64-linux-gnu/11/crtendS.o /lib/x86_64-linux-gnu/crtn.o]
    arg [/usr/bin/ld] ==> ignore
    arg [-zrelro] ==> ignore
    arg [--hash-style=gnu] ==> ignore
    arg [--eh-frame-hdr] ==> ignore
    arg [-m] ==> ignore
    arg [elf_x86_64] ==> ignore
    arg [-pie] ==> ignore
    arg [-dynamic-linker] ==> ignore
    arg [/lib64/ld-linux-x86-64.so.2] ==> ignore
    arg [-o] ==> ignore
    arg [cmTC_f75b2] ==> ignore
    arg [-L/cluster_env_papi/llvm-install/lib] ==> dir [/cluster_env_papi/llvm-install/lib]
    arg [-L/cluster_env_papi/llvm-install/bin/../lib/x86_64-unknown-linux-gnu] ==> dir [/cluster_env_papi/llvm-install/bin/../lib/x86_64-unknown-linux-gnu]
    arg [-L/usr/lib/gcc/x86_64-linux-gnu/11] ==> dir [/usr/lib/gcc/x86_64-linux-gnu/11]
    arg [-L/usr/lib/gcc/x86_64-linux-gnu/11/../../../../lib64] ==> dir [/usr/lib/gcc/x86_64-linux-gnu/11/../../../../lib64]
    arg [-L/lib/x86_64-linux-gnu] ==> dir [/lib/x86_64-linux-gnu]
    arg [-L/lib/../lib64] ==> dir [/lib/../lib64]
    arg [-L/usr/lib/x86_64-linux-gnu] ==> dir [/usr/lib/x86_64-linux-gnu]
    arg [-L/usr/lib64] ==> dir [/usr/lib64]
    arg [-L/lib] ==> dir [/lib]
    arg [-L/usr/lib] ==> dir [/usr/lib]
    arg [-L/cluster_env_papi/llvm-install/lib/x86_64-unknown-linux-gnu] ==> dir [/cluster_env_papi/llvm-install/lib/x86_64-unknown-linux-gnu]
    arg [-L.] ==> ignore
    arg [-rpath=/cluster_env_papi/llvm-install/lib] ==> ignore
    arg [CMakeFiles/cmTC_f75b2.dir/OpenMPTryFlag.c.o] ==> ignore
    arg [-lomp] ==> lib [omp]
    arg [-L/cluster_env_papi/llvm-install/lib] ==> dir [/cluster_env_papi/llvm-install/lib]
    arg [-lgcc] ==> lib [gcc]
    arg [--as-needed] ==> ignore
    arg [-lgcc_s] ==> lib [gcc_s]
    arg [--no-as-needed] ==> ignore
    arg [-lpthread] ==> lib [pthread]
    arg [-lc] ==> lib [c]
    arg [-lgcc] ==> lib [gcc]
    arg [--as-needed] ==> ignore
    arg [-lgcc_s] ==> lib [gcc_s]
    arg [--no-as-needed] ==> ignore
  collapse library dir [/cluster_env_papi/llvm-install/lib] ==> [/cluster_env_papi/llvm-install/lib]
  collapse library dir [/cluster_env_papi/llvm-install/bin/../lib/x86_64-unknown-linux-gnu] ==> [/cluster_env_papi/llvm-install/lib/x86_64-unknown-linux-gnu]
  collapse library dir [/usr/lib/gcc/x86_64-linux-gnu/11] ==> [/usr/lib/gcc/x86_64-linux-gnu/11]
  collapse library dir [/usr/lib/gcc/x86_64-linux-gnu/11/../../../../lib64] ==> [/usr/lib64]
  collapse library dir [/lib/x86_64-linux-gnu] ==> [/lib/x86_64-linux-gnu]
  collapse library dir [/lib/../lib64] ==> [/lib64]
  collapse library dir [/usr/lib/x86_64-linux-gnu] ==> [/usr/lib/x86_64-linux-gnu]
  collapse library dir [/usr/lib64] ==> [/usr/lib64]
  collapse library dir [/lib] ==> [/lib]
  collapse library dir [/usr/lib] ==> [/usr/lib]
  collapse library dir [/cluster_env_papi/llvm-install/lib/x86_64-unknown-linux-gnu] ==> [/cluster_env_papi/llvm-install/lib/x86_64-unknown-linux-gnu]
  collapse library dir [/cluster_env_papi/llvm-install/lib] ==> [/cluster_env_papi/llvm-install/lib]
  implicit libs: [omp;gcc;gcc_s;pthread;c;gcc;gcc_s]
  implicit objs: []
  implicit dirs: [/cluster_env_papi/llvm-install/lib;/cluster_env_papi/llvm-install/lib/x86_64-unknown-linux-gnu;/usr/lib/gcc/x86_64-linux-gnu/11;/usr/lib64;/lib/x86_64-linux-gnu;/lib64;/usr/lib/x86_64-linux-gnu;/lib;/usr/lib]
  implicit fwks: []


Detecting CXX OpenMP compiler ABI info compiled with the following output:
Change Dir: /home/ancloare/container/env_v1/O2_small_32_8_64_s/build/CMakeFiles/CMakeTmp

Run Build Command(s):/usr/bin/gmake -f Makefile cmTC_14597/fast && /usr/bin/gmake  -f CMakeFiles/cmTC_14597.dir/build.make CMakeFiles/cmTC_14597.dir/build
gmake[1]: Entering directory '/home/ancloare/container/env_v1/O2_small_32_8_64_s/build/CMakeFiles/CMakeTmp'
Building CXX object CMakeFiles/cmTC_14597.dir/OpenMPTryFlag.cpp.o
/cluster_env_papi/llvm-install/bin/clang++   -stdlib=libc++ -I/cluster_env_papi/llvm-install/include/c++/v1 -fopenmp -std=c++17 -stdlib=libc++ -g -mcmodel=large -fopenmp -fopenmp=libomp -v -MD -MT CMakeFiles/cmTC_14597.dir/OpenMPTryFlag.cpp.o -MF CMakeFiles/cmTC_14597.dir/OpenMPTryFlag.cpp.o.d -o CMakeFiles/cmTC_14597.dir/OpenMPTryFlag.cpp.o -c /home/ancloare/container/env_v1/O2_small_32_8_64_s/build/CMakeFiles/FindOpenMP/OpenMPTryFlag.cpp
clang version 21.0.0git (https://gitlab.bsc.es/ppc/software/llvm-project.git 5492260d1b01e63ea93bf2d56632dcf43fb54f52)
Target: x86_64-unknown-linux-gnu
Thread model: posix
InstalledDir: /cluster_env_papi/llvm-install/bin
Found candidate GCC installation: /usr/lib/gcc/x86_64-linux-gnu/11
Selected GCC installation: /usr/lib/gcc/x86_64-linux-gnu/11
Candidate multilib: .;@m64
Selected multilib: .;@m64
 (in-process)
 "/cluster_env_papi/llvm-install/bin/clang-21" -cc1 -triple x86_64-unknown-linux-gnu -emit-obj -disable-free -clear-ast-before-backend -disable-llvm-verifier -discard-value-names -main-file-name OpenMPTryFlag.cpp -mrelocation-model pic -pic-level 2 -pic-is-pie -mframe-pointer=all -fmath-errno -ffp-contract=on -fno-rounding-math -mconstructor-aliases -funwind-tables=2 -mcmodel=large -mlarge-data-threshold=0 -target-cpu x86-64 -tune-cpu generic -debug-info-kind=constructor -dwarf-version=5 -debugger-tuning=gdb -fdebug-compilation-dir=/home/ancloare/container/env_v1/O2_small_32_8_64_s/build/CMakeFiles/CMakeTmp -v -fcoverage-compilation-dir=/home/ancloare/container/env_v1/O2_small_32_8_64_s/build/CMakeFiles/CMakeTmp -resource-dir /cluster_env_papi/llvm-install/lib/clang/21 -dependency-file CMakeFiles/cmTC_14597.dir/OpenMPTryFlag.cpp.o.d -MT CMakeFiles/cmTC_14597.dir/OpenMPTryFlag.cpp.o -sys-header-deps -I /cluster_env_papi/llvm-install/include/c++/v1 -internal-isystem /cluster_env_papi/llvm-install/bin/../include/c++/v1 -internal-isystem /cluster_env_papi/llvm-install/lib/clang/21/include -internal-isystem /usr/local/include -internal-isystem /usr/lib/gcc/x86_64-linux-gnu/11/../../../../x86_64-linux-gnu/include -internal-externc-isystem /usr/include/x86_64-linux-gnu -internal-externc-isystem /include -internal-externc-isystem /usr/include -std=c++17 -fdeprecated-macro -ferror-limit 19 -fopenmp -fgnuc-version=4.2.1 -fskip-odr-check-in-gmf -fcxx-exceptions -fexceptions -faddrsig -D__GCC_HAVE_DWARF2_CFI_ASM=1 -o CMakeFiles/cmTC_14597.dir/OpenMPTryFlag.cpp.o -x c++ /home/ancloare/container/env_v1/O2_small_32_8_64_s/build/CMakeFiles/FindOpenMP/OpenMPTryFlag.cpp
clang -cc1 version 21.0.0git based upon LLVM 21.0.0git default target x86_64-unknown-linux-gnu
ignoring nonexistent directory "/usr/lib/gcc/x86_64-linux-gnu/11/../../../../x86_64-linux-gnu/include"
ignoring nonexistent directory "/include"
ignoring duplicate directory "/cluster_env_papi/llvm-install/bin/../include/c++/v1"
  as it is a non-system directory that duplicates a system directory
#include "..." search starts here:
#include <...> search starts here:
 /cluster_env_papi/llvm-install/bin/../include/c++/v1
 /cluster_env_papi/llvm-install/lib/clang/21/include
 /usr/local/include
 /usr/include/x86_64-linux-gnu
 /usr/include
End of search list.
Linking CXX executable cmTC_14597
/usr/bin/cmake -E cmake_link_script CMakeFiles/cmTC_14597.dir/link.txt --verbose=1
/cluster_env_papi/llvm-install/bin/clang++ -stdlib=libc++ -I/cluster_env_papi/llvm-install/include/c++/v1 -fopenmp -std=c++17 -stdlib=libc++ -g -mcmodel=large -fopenmp -fopenmp=libomp -v -stdlib=libc++ -L/cluster_env_papi/llvm-install/lib -Wl,-rpath=/cluster_env_papi/llvm-install/lib -fopenmp  CMakeFiles/cmTC_14597.dir/OpenMPTryFlag.cpp.o -o cmTC_14597  -v 
clang version 21.0.0git (https://gitlab.bsc.es/ppc/software/llvm-project.git 5492260d1b01e63ea93bf2d56632dcf43fb54f52)
Target: x86_64-unknown-linux-gnu
Thread model: posix
InstalledDir: /cluster_env_papi/llvm-install/bin
Found candidate GCC installation: /usr/lib/gcc/x86_64-linux-gnu/11
Selected GCC installation: /usr/lib/gcc/x86_64-linux-gnu/11
Candidate multilib: .;@m64
Selected multilib: .;@m64
 "/usr/bin/ld" -z relro --hash-style=gnu --eh-frame-hdr -m elf_x86_64 -pie -dynamic-linker /lib64/ld-linux-x86-64.so.2 -o cmTC_14597 /lib/x86_64-linux-gnu/Scrt1.o /lib/x86_64-linux-gnu/crti.o /usr/lib/gcc/x86_64-linux-gnu/11/crtbeginS.o -L/cluster_env_papi/llvm-install/lib -L/cluster_env_papi/llvm-install/bin/../lib/x86_64-unknown-linux-gnu -L/usr/lib/gcc/x86_64-linux-gnu/11 -L/usr/lib/gcc/x86_64-linux-gnu/11/../../../../lib64 -L/lib/x86_64-linux-gnu -L/lib/../lib64 -L/usr/lib/x86_64-linux-gnu -L/usr/lib64 -L/lib -L/usr/lib -L/cluster_env_papi/llvm-install/lib/x86_64-unknown-linux-gnu -L. -rpath=/cluster_env_papi/llvm-install/lib CMakeFiles/cmTC_14597.dir/OpenMPTryFlag.cpp.o -lc++ -lm -lomp -L/cluster_env_papi/llvm-install/lib -lgcc_s -lgcc -lpthread -lc -lgcc_s -lgcc /usr/lib/gcc/x86_64-linux-gnu/11/crtendS.o /lib/x86_64-linux-gnu/crtn.o
gmake[1]: Leaving directory '/home/ancloare/container/env_v1/O2_small_32_8_64_s/build/CMakeFiles/CMakeTmp'



Parsed CXX OpenMP implicit link information from above output:
  link line regex: [^( *|.*[/\])(ld|CMAKE_LINK_STARTFILE-NOTFOUND|([^/\]+-)?ld|collect2)[^/\]*( |$)]
  ignore line: [Change Dir: /home/ancloare/container/env_v1/O2_small_32_8_64_s/build/CMakeFiles/CMakeTmp]
  ignore line: []
  ignore line: [Run Build Command(s):/usr/bin/gmake -f Makefile cmTC_14597/fast && /usr/bin/gmake  -f CMakeFiles/cmTC_14597.dir/build.make CMakeFiles/cmTC_14597.dir/build]
  ignore line: [gmake[1]: Entering directory '/home/ancloare/container/env_v1/O2_small_32_8_64_s/build/CMakeFiles/CMakeTmp']
  ignore line: [Building CXX object CMakeFiles/cmTC_14597.dir/OpenMPTryFlag.cpp.o]
  ignore line: [/cluster_env_papi/llvm-install/bin/clang++   -stdlib=libc++ -I/cluster_env_papi/llvm-install/include/c++/v1 -fopenmp -std=c++17 -stdlib=libc++ -g -mcmodel=large -fopenmp -fopenmp=libomp -v -MD -MT CMakeFiles/cmTC_14597.dir/OpenMPTryFlag.cpp.o -MF CMakeFiles/cmTC_14597.dir/OpenMPTryFlag.cpp.o.d -o CMakeFiles/cmTC_14597.dir/OpenMPTryFlag.cpp.o -c /home/ancloare/container/env_v1/O2_small_32_8_64_s/build/CMakeFiles/FindOpenMP/OpenMPTryFlag.cpp]
  ignore line: [clang version 21.0.0git (https://gitlab.bsc.es/ppc/software/llvm-project.git 5492260d1b01e63ea93bf2d56632dcf43fb54f52)]
  ignore line: [Target: x86_64-unknown-linux-gnu]
  ignore line: [Thread model: posix]
  ignore line: [InstalledDir: /cluster_env_papi/llvm-install/bin]
  ignore line: [Found candidate GCC installation: /usr/lib/gcc/x86_64-linux-gnu/11]
  ignore line: [Selected GCC installation: /usr/lib/gcc/x86_64-linux-gnu/11]
  ignore line: [Candidate multilib: .]
  ignore line: [@m64]
  ignore line: [Selected multilib: .]
  ignore line: [@m64]
  ignore line: [ (in-process)]
  ignore line: [ "/cluster_env_papi/llvm-install/bin/clang-21" -cc1 -triple x86_64-unknown-linux-gnu -emit-obj -disable-free -clear-ast-before-backend -disable-llvm-verifier -discard-value-names -main-file-name OpenMPTryFlag.cpp -mrelocation-model pic -pic-level 2 -pic-is-pie -mframe-pointer=all -fmath-errno -ffp-contract=on -fno-rounding-math -mconstructor-aliases -funwind-tables=2 -mcmodel=large -mlarge-data-threshold=0 -target-cpu x86-64 -tune-cpu generic -debug-info-kind=constructor -dwarf-version=5 -debugger-tuning=gdb -fdebug-compilation-dir=/home/ancloare/container/env_v1/O2_small_32_8_64_s/build/CMakeFiles/CMakeTmp -v -fcoverage-compilation-dir=/home/ancloare/container/env_v1/O2_small_32_8_64_s/build/CMakeFiles/CMakeTmp -resource-dir /cluster_env_papi/llvm-install/lib/clang/21 -dependency-file CMakeFiles/cmTC_14597.dir/OpenMPTryFlag.cpp.o.d -MT CMakeFiles/cmTC_14597.dir/OpenMPTryFlag.cpp.o -sys-header-deps -I /cluster_env_papi/llvm-install/include/c++/v1 -internal-isystem /cluster_env_papi/llvm-install/bin/../include/c++/v1 -internal-isystem /cluster_env_papi/llvm-install/lib/clang/21/include -internal-isystem /usr/local/include -internal-isystem /usr/lib/gcc/x86_64-linux-gnu/11/../../../../x86_64-linux-gnu/include -internal-externc-isystem /usr/include/x86_64-linux-gnu -internal-externc-isystem /include -internal-externc-isystem /usr/include -std=c++17 -fdeprecated-macro -ferror-limit 19 -fopenmp -fgnuc-version=4.2.1 -fskip-odr-check-in-gmf -fcxx-exceptions -fexceptions -faddrsig -D__GCC_HAVE_DWARF2_CFI_ASM=1 -o CMakeFiles/cmTC_14597.dir/OpenMPTryFlag.cpp.o -x c++ /home/ancloare/container/env_v1/O2_small_32_8_64_s/build/CMakeFiles/FindOpenMP/OpenMPTryFlag.cpp]
  ignore line: [clang -cc1 version 21.0.0git based upon LLVM 21.0.0git default target x86_64-unknown-linux-gnu]
  ignore line: [ignoring nonexistent directory "/usr/lib/gcc/x86_64-linux-gnu/11/../../../../x86_64-linux-gnu/include"]
  ignore line: [ignoring nonexistent directory "/include"]
  ignore line: [ignoring duplicate directory "/cluster_env_papi/llvm-install/bin/../include/c++/v1"]
  ignore line: [  as it is a non-system directory that duplicates a system directory]
  ignore line: [#include "..." search starts here:]
  ignore line: [#include <...> search starts here:]
  ignore line: [ /cluster_env_papi/llvm-install/bin/../include/c++/v1]
  ignore line: [ /cluster_env_papi/llvm-install/lib/clang/21/include]
  ignore line: [ /usr/local/include]
  ignore line: [ /usr/include/x86_64-linux-gnu]
  ignore line: [ /usr/include]
  ignore line: [End of search list.]
  ignore line: [Linking CXX executable cmTC_14597]
  ignore line: [/usr/bin/cmake -E cmake_link_script CMakeFiles/cmTC_14597.dir/link.txt --verbose=1]
  ignore line: [/cluster_env_papi/llvm-install/bin/clang++ -stdlib=libc++ -I/cluster_env_papi/llvm-install/include/c++/v1 -fopenmp -std=c++17 -stdlib=libc++ -g -mcmodel=large -fopenmp -fopenmp=libomp -v -stdlib=libc++ -L/cluster_env_papi/llvm-install/lib -Wl -rpath=/cluster_env_papi/llvm-install/lib -fopenmp  CMakeFiles/cmTC_14597.dir/OpenMPTryFlag.cpp.o -o cmTC_14597  -v ]
  ignore line: [clang version 21.0.0git (https://gitlab.bsc.es/ppc/software/llvm-project.git 5492260d1b01e63ea93bf2d56632dcf43fb54f52)]
  ignore line: [Target: x86_64-unknown-linux-gnu]
  ignore line: [Thread model: posix]
  ignore line: [InstalledDir: /cluster_env_papi/llvm-install/bin]
  ignore line: [Found candidate GCC installation: /usr/lib/gcc/x86_64-linux-gnu/11]
  ignore line: [Selected GCC installation: /usr/lib/gcc/x86_64-linux-gnu/11]
  ignore line: [Candidate multilib: .]
  ignore line: [@m64]
  ignore line: [Selected multilib: .]
  ignore line: [@m64]
  link line: [ "/usr/bin/ld" -z relro --hash-style=gnu --eh-frame-hdr -m elf_x86_64 -pie -dynamic-linker /lib64/ld-linux-x86-64.so.2 -o cmTC_14597 /lib/x86_64-linux-gnu/Scrt1.o /lib/x86_64-linux-gnu/crti.o /usr/lib/gcc/x86_64-linux-gnu/11/crtbeginS.o -L/cluster_env_papi/llvm-install/lib -L/cluster_env_papi/llvm-install/bin/../lib/x86_64-unknown-linux-gnu -L/usr/lib/gcc/x86_64-linux-gnu/11 -L/usr/lib/gcc/x86_64-linux-gnu/11/../../../../lib64 -L/lib/x86_64-linux-gnu -L/lib/../lib64 -L/usr/lib/x86_64-linux-gnu -L/usr/lib64 -L/lib -L/usr/lib -L/cluster_env_papi/llvm-install/lib/x86_64-unknown-linux-gnu -L. -rpath=/cluster_env_papi/llvm-install/lib CMakeFiles/cmTC_14597.dir/OpenMPTryFlag.cpp.o -lc++ -lm -lomp -L/cluster_env_papi/llvm-install/lib -lgcc_s -lgcc -lpthread -lc -lgcc_s -lgcc /usr/lib/gcc/x86_64-linux-gnu/11/crtendS.o /lib/x86_64-linux-gnu/crtn.o]
    arg [/usr/bin/ld] ==> ignore
    arg [-zrelro] ==> ignore
    arg [--hash-style=gnu] ==> ignore
    arg [--eh-frame-hdr] ==> ignore
    arg [-m] ==> ignore
    arg [elf_x86_64] ==> ignore
    arg [-pie] ==> ignore
    arg [-dynamic-linker] ==> ignore
    arg [/lib64/ld-linux-x86-64.so.2] ==> ignore
    arg [-o] ==> ignore
    arg [cmTC_14597] ==> ignore
    arg [-L/cluster_env_papi/llvm-install/lib] ==> dir [/cluster_env_papi/llvm-install/lib]
    arg [-L/cluster_env_papi/llvm-install/bin/../lib/x86_64-unknown-linux-gnu] ==> dir [/cluster_env_papi/llvm-install/bin/../lib/x86_64-unknown-linux-gnu]
    arg [-L/usr/lib/gcc/x86_64-linux-gnu/11] ==> dir [/usr/lib/gcc/x86_64-linux-gnu/11]
    arg [-L/usr/lib/gcc/x86_64-linux-gnu/11/../../../../lib64] ==> dir [/usr/lib/gcc/x86_64-linux-gnu/11/../../../../lib64]
    arg [-L/lib/x86_64-linux-gnu] ==> dir [/lib/x86_64-linux-gnu]
    arg [-L/lib/../lib64] ==> dir [/lib/../lib64]
    arg [-L/usr/lib/x86_64-linux-gnu] ==> dir [/usr/lib/x86_64-linux-gnu]
    arg [-L/usr/lib64] ==> dir [/usr/lib64]
    arg [-L/lib] ==> dir [/lib]
    arg [-L/usr/lib] ==> dir [/usr/lib]
    arg [-L/cluster_env_papi/llvm-install/lib/x86_64-unknown-linux-gnu] ==> dir [/cluster_env_papi/llvm-install/lib/x86_64-unknown-linux-gnu]
    arg [-L.] ==> ignore
    arg [-rpath=/cluster_env_papi/llvm-install/lib] ==> ignore
    arg [CMakeFiles/cmTC_14597.dir/OpenMPTryFlag.cpp.o] ==> ignore
    arg [-lc++] ==> lib [c++]
    arg [-lm] ==> lib [m]
    arg [-lomp] ==> lib [omp]
    arg [-L/cluster_env_papi/llvm-install/lib] ==> dir [/cluster_env_papi/llvm-install/lib]
    arg [-lgcc_s] ==> lib [gcc_s]
    arg [-lgcc] ==> lib [gcc]
    arg [-lpthread] ==> lib [pthread]
    arg [-lc] ==> lib [c]
    arg [-lgcc_s] ==> lib [gcc_s]
    arg [-lgcc] ==> lib [gcc]
  collapse library dir [/cluster_env_papi/llvm-install/lib] ==> [/cluster_env_papi/llvm-install/lib]
  collapse library dir [/cluster_env_papi/llvm-install/bin/../lib/x86_64-unknown-linux-gnu] ==> [/cluster_env_papi/llvm-install/lib/x86_64-unknown-linux-gnu]
  collapse library dir [/usr/lib/gcc/x86_64-linux-gnu/11] ==> [/usr/lib/gcc/x86_64-linux-gnu/11]
  collapse library dir [/usr/lib/gcc/x86_64-linux-gnu/11/../../../../lib64] ==> [/usr/lib64]
  collapse library dir [/lib/x86_64-linux-gnu] ==> [/lib/x86_64-linux-gnu]
  collapse library dir [/lib/../lib64] ==> [/lib64]
  collapse library dir [/usr/lib/x86_64-linux-gnu] ==> [/usr/lib/x86_64-linux-gnu]
  collapse library dir [/usr/lib64] ==> [/usr/lib64]
  collapse library dir [/lib] ==> [/lib]
  collapse library dir [/usr/lib] ==> [/usr/lib]
  collapse library dir [/cluster_env_papi/llvm-install/lib/x86_64-unknown-linux-gnu] ==> [/cluster_env_papi/llvm-install/lib/x86_64-unknown-linux-gnu]
  collapse library dir [/cluster_env_papi/llvm-install/lib] ==> [/cluster_env_papi/llvm-install/lib]
  implicit libs: [c++;m;omp;gcc_s;gcc;pthread;c;gcc_s;gcc]
  implicit objs: []
  implicit dirs: [/cluster_env_papi/llvm-install/lib;/cluster_env_papi/llvm-install/lib/x86_64-unknown-linux-gnu;/usr/lib/gcc/x86_64-linux-gnu/11;/usr/lib64;/lib/x86_64-linux-gnu;/lib64;/usr/lib/x86_64-linux-gnu;/lib;/usr/lib]
  implicit fwks: []


